Arguments: 
  C:\Program Files\nodejs\node.exe C:\Users\rootm\AppData\Roaming\npm\node_modules\yarn\bin\yarn.js add react-custom-scrollbars-2

PATH: 
  C:\Users\rootm\bin;C:\Program Files\Git\mingw64\bin;C:\Program Files\Git\usr\local\bin;C:\Program Files\Git\usr\bin;C:\Program Files\Git\usr\bin;C:\Program Files\Git\mingw64\bin;C:\Program Files\Git\usr\bin;C:\Users\rootm\bin;C:\Python311\Scripts;C:\Python311;C:\Program Files (x86)\Common Files\Oracle\Java\javapath;C:\Python310\Scripts;C:\Python310;C:\WINDOWS\system32;C:\WINDOWS;C:\WINDOWS\System32\Wbem;C:\WINDOWS\System32\WindowsPowerShell\v1.0;C:\WINDOWS\System32\OpenSSH;C:\Program Files (x86)\dotnet;C:\ProgramData\chocolatey\bin;C:\Program Files\Docker\Docker\resources\bin;C:\ProgramData\DockerDesktop\version-bin;C:\Program Files\Java\jdk1.8.0_333\bin;C:\Program Files (x86)\Symantec\VIP Access Client;C:\Program Files\Git\cmd;C:\Program Files\nodejs;C:\Users\rootm\AppData\Local\Microsoft\WindowsApps;C:\Users\rootm\AppData\Local\Programs\Microsoft VS Code\bin;C:\Program Files\MySQL\MySQL Server 8.0\bin;C:\Program Files\JetBrains\IntelliJ IDEA 2022.1.3\bin;C:\Program Files\heroku\bin;C:\Users\rootm\AppData\Roaming\npm;C:\Program Files\JetBrains\IntelliJ IDEA Community Edition 2022.3.1\bin;C:\Program Files\MongoDB\Server\6.0\bin;C:\Program Files\MongoDB\mongosh-1.6.1-win32-x64\bin;C:\Users\rootm\AppData\Local\Programs\MiKTeX\miktex\bin\x64;C:\Users\rootm\AppData\Roaming\Python\Python311\Scripts;C:\Program Files\Git\usr\bin\vendor_perl;C:\Program Files\Git\usr\bin\core_perl

Yarn version: 
  1.22.19

Node version: 
  19.3.0

Platform: 
  win32 x64

Trace: 
  Error: EPERM: operation not permitted, copyfile 'C:\Users\rootm\AppData\Local\Yarn\Cache\v6\npm-@fontsource-roboto-4.5.8-integrity\node_modules\@fontsource\roboto\package.json' -> 'C:\Users\rootm\dev\extensions\domhacks-tsx\node_modules\@fontsource\roboto\package.json'

npm manifest: 
  {
    "name": "domhacks-utility",
    "version": "1.0.0",
    "main": "index.js",
    "license": "MIT",
    "scripts": {
      "watch": "webpack --watch --progress --config webpack.common.js",
      "build": "webpack --config webpack.common.js",
      "jest:all": "jest ./__tests__/content --all --runInBand",
      "jest:watch": "jest ./__tests__/content --watch --runInBand",
      "typedoc": "typedoc"
    },
    "devDependencies": {
      "@babel/core": "^7.20.12",
      "@babel/preset-env": "^7.20.2",
      "@jest/globals": "^29.4.2",
      "@redux-devtools/core": "^3.13.1",
      "@types/chrome": "^0.0.212",
      "@types/jquery": "^3.5.16",
      "@types/jqueryui": "^1.12.16",
      "@types/node": "^18.14.1",
      "@types/react": "^18.0.27",
      "@types/react-dom": "^18.0.10",
      "@types/react-redux": "^7.1.25",
      "autoprefixer": "^10.4.13",
      "babel-jest": "^29.4.2",
      "css-loader": "^6.7.3",
      "html-webpack-plugin": "^5.5.0",
      "identity-obj-proxy": "^3.0.0",
      "jest": "^29.4.2",
      "jest-environment-jsdom": "^29.4.2",
      "jqueryui": "^1.11.1",
      "jsdom": "^21.1.0",
      "postcss": "^8.1.0",
      "postcss-loader": "^7.0.2",
      "style-loader": "^3.3.1",
      "tailwindcss": "^3.2.4",
      "ts-jest": "^29.0.5",
      "ts-node": "^10.9.1",
      "typedoc": "^0.23.25",
      "typescript": "^4.9.5",
      "webpack": "^5.75.0",
      "webpack-cli": "^5.0.1",
      "webpack-merge": "^5.8.0"
    },
    "dependencies": {
      "@emotion/react": "^11.10.6",
      "@emotion/styled": "^11.10.6",
      "@fontsource/roboto": "^4.5.8",
      "@fortawesome/fontawesome-svg-core": "^6.3.0",
      "@fortawesome/free-solid-svg-icons": "^6.3.0",
      "@fortawesome/react-fontawesome": "^0.2.0",
      "@reduxjs/toolkit": "^1.9.2",
      "copy-webpack-plugin": "^11.0.0",
      "jquery": "^3.6.3",
      "jquery-ui-bundle": "^1.12.1-migrate",
      "react": "^18.2.0",
      "react-custom-scrollbars-2": "^4.5.0",
      "react-dom": "^18.2.0",
      "react-redux": "^8.0.5",
      "redux": "^4.2.1",
      "ts-loader": "^9.4.2"
    }
  }

yarn manifest: 
  No manifest

Lockfile: 
  No lockfile
